[06:33:59] [Server thread/INFO]: Starting minecraft server version 1.8.8
[06:33:59] [Server thread/INFO]: Loading properties
[06:33:59] [Server thread/INFO]: Default game type: SURVIVAL
[06:33:59] [Server thread/INFO]: This server is running CraftBukkit version git-PaperSpigot-445 (MC: 1.8.8) (Implementing API version 1.8.8-R0.1-SNAPSHOT)
[06:33:59] [Server thread/INFO]: Debug logging is disabled
[06:33:59] [Server thread/INFO]: Spigot Timings: true - Verbose: true - Interval: 5m - Length: 60m
[06:33:59] [Server thread/INFO]: Server Ping Player Sample Count: 12

[06:33:59] [Server thread/INFO]: Using 4 threads for Netty based IO
[06:33:59] [Server thread/INFO]: Data value allowed items: 
[06:33:59] [Server thread/WARN]: java.lang.NoSuchFieldException: modifiers

[06:33:59] [Server thread/WARN]: 	at java.base/java.lang.Class.getDeclaredField(Class.java:2782)

[06:33:59] [Server thread/WARN]: 	at org.github.paperspigot.PaperSpigotConfig.stackableBuckets(PaperSpigotConfig.java:192)

[06:33:59] [Server thread/WARN]: 	at java.base/jdk.internal.reflect.DirectMethodHandleAccessor.invoke(DirectMethodHandleAccessor.java:103)

[06:33:59] [Server thread/WARN]: 	at java.base/java.lang.reflect.Method.invoke(Method.java:580)

[06:33:59] [Server thread/WARN]: 	at org.github.paperspigot.PaperSpigotConfig.readConfig(PaperSpigotConfig.java:84)

[06:33:59] [Server thread/WARN]: 	at org.github.paperspigot.PaperSpigotConfig.init(PaperSpigotConfig.java:62)

[06:33:59] [Server thread/WARN]: 	at net.minecraft.server.v1_8_R3.DedicatedServer.init(DedicatedServer.java:181)

[06:33:59] [Server thread/WARN]: 	at net.minecraft.server.v1_8_R3.MinecraftServer.run(MinecraftServer.java:563)

[06:33:59] [Server thread/WARN]: 	at java.base/java.lang.Thread.run(Thread.java:1583)

[06:33:59] [Server thread/INFO]: Generating keypair
[06:33:59] [Server thread/INFO]: Starting Minecraft server on localhost:25565
[06:33:59] [Server thread/INFO]: Your platform does not provide complete low-level API for accessing direct buffers reliably. Unless explicitly requested, heap buffer will always be preferred to avoid potential system unstability.
[06:33:59] [Server thread/INFO]: Using default channel type
[06:33:59] [Server thread/INFO]: Set PluginClassLoader as parallel capable
[06:33:59] [Server thread/INFO]: [SimpleTpa] Loading SimpleTpa v6.4
[06:33:59] [Server thread/INFO]: [SimpleHomes] Loading SimpleHomes v2.2
[06:33:59] [Server thread/WARN]: **** SERVER IS RUNNING IN OFFLINE/INSECURE MODE!
[06:33:59] [Server thread/WARN]: The server will make no attempt to authenticate usernames. Beware.
[06:33:59] [Server thread/WARN]: Whilst this makes it possible to use BungeeCord, unless access to your server is properly restricted, it also opens up the ability for hackers to connect with any username they choose.
[06:33:59] [Server thread/WARN]: Please see http://www.spigotmc.org/wiki/firewall-guide/ for further information.
[06:33:59] [Server thread/WARN]: To change this, set "online-mode" to "true" in the server.properties file.
[06:33:59] [Server thread/INFO]: **** Beginning UUID conversion, this may take A LONG time ****
[06:33:59] [Server thread/INFO]: Preparing level "world"
[06:34:00] [Server thread/INFO]: -------- World Settings For [world] --------
[06:34:00] [Server thread/INFO]: Mob Spawn Range: 4
[06:34:00] [Server thread/INFO]: Anti X-Ray: true
[06:34:00] [Server thread/INFO]: 	Engine Mode: 1
[06:34:00] [Server thread/INFO]: 	Hidden Blocks: [14, 15, 16, 21, 48, 49, 54, 56, 73, 74, 82, 129, 130]
[06:34:00] [Server thread/INFO]: 	Replace Blocks: [1, 5]
[06:34:00] [Server thread/INFO]: Nerfing mobs spawned from spawners: false
[06:34:00] [Server thread/INFO]: Cactus Growth Modifier: 100%
[06:34:00] [Server thread/INFO]: Cane Growth Modifier: 100%
[06:34:00] [Server thread/INFO]: Melon Growth Modifier: 100%
[06:34:00] [Server thread/INFO]: Mushroom Growth Modifier: 100%
[06:34:00] [Server thread/INFO]: Pumpkin Growth Modifier: 100%
[06:34:00] [Server thread/INFO]: Sapling Growth Modifier: 100%
[06:34:00] [Server thread/INFO]: Wheat Growth Modifier: 100%
[06:34:00] [Server thread/INFO]: NetherWart Growth Modifier: 100%
[06:34:00] [Server thread/INFO]: Entity Activation Range: An 32 / Mo 32 / Mi 16
[06:34:00] [Server thread/INFO]: Entity Tracking Range: Pl 48 / An 48 / Mo 48 / Mi 32 / Other 64
[06:34:00] [Server thread/INFO]: Hopper Transfer: 8 Hopper Check: 8 Hopper Amount: 1
[06:34:00] [Server thread/INFO]: Random Lighting Updates: false
[06:34:00] [Server thread/INFO]: Structure Info Saving: true
[06:34:00] [Server thread/INFO]: Sending up to 10 chunks per packet
[06:34:00] [Server thread/INFO]: Max Entity Collisions: 8
[06:34:00] [Server thread/INFO]: Custom Map Seeds:  Village: 10387312 Feature: 14357617
[06:34:00] [Server thread/INFO]: Max TNT Explosions: 100
[06:34:00] [Server thread/INFO]: Tile Max Tick Time: 50ms Entity max Tick Time: 50ms
[06:34:00] [Server thread/INFO]: Item Despawn Rate: 6000
[06:34:00] [Server thread/INFO]: Item Merge Radius: 2.5
[06:34:00] [Server thread/INFO]: Arrow Despawn Rate: 1200
[06:34:00] [Server thread/INFO]: Allow Zombie Pigmen to spawn from portal blocks: true
[06:34:00] [Server thread/INFO]: View Distance: 4
[06:34:00] [Server thread/INFO]: Zombie Aggressive Towards Villager: true
[06:34:00] [Server thread/INFO]: Chunks to Grow per Tick: 650
[06:34:00] [Server thread/INFO]: Clear tick list: false
[06:34:00] [Server thread/INFO]: Experience Merge Radius: 3.0
[06:34:00] [Server thread/INFO]: -------- World Settings For [world] --------
[06:34:00] [Server thread/INFO]: Player blocking damage multiplier set to 0.5
[06:34:00] [Server thread/INFO]: Remove invalid mob spawner tile entities: true
[06:34:00] [Server thread/INFO]: Squids will spawn between Y: 45.0 and Y: 63.0
[06:34:00] [Server thread/INFO]: Max height for cactus growth 3. Max height for reed growth 3
[06:34:00] [Server thread/INFO]: Living Entity Despawn Ranges:  Soft: 32 Hard: 128
[06:34:00] [Server thread/INFO]: Water over lava flow speed: 5
[06:34:00] [Server thread/INFO]: Fix TNT cannons: false
[06:34:00] [Server thread/INFO]: Allow undead horse types to be leashed: false
[06:34:00] [Server thread/INFO]: Keep spawn chunk loaded: true
[06:34:00] [Server thread/INFO]: World async lighting: false
[06:34:00] [Server thread/INFO]: WorldServer TickNextTick cap set at 10000
[06:34:00] [Server thread/INFO]: WorldServer TickNextTickList cap always processes redstone: false
[06:34:00] [Server thread/INFO]: -------- World Settings For [world_nether] --------
[06:34:00] [Server thread/INFO]: Mob Spawn Range: 4
[06:34:00] [Server thread/INFO]: Anti X-Ray: true
[06:34:00] [Server thread/INFO]: 	Engine Mode: 1
[06:34:00] [Server thread/INFO]: 	Hidden Blocks: [14, 15, 16, 21, 48, 49, 54, 56, 73, 74, 82, 129, 130]
[06:34:00] [Server thread/INFO]: 	Replace Blocks: [1, 5]
[06:34:00] [Server thread/INFO]: Nerfing mobs spawned from spawners: false
[06:34:00] [Server thread/INFO]: Cactus Growth Modifier: 100%
[06:34:00] [Server thread/INFO]: Cane Growth Modifier: 100%
[06:34:00] [Server thread/INFO]: Melon Growth Modifier: 100%
[06:34:00] [Server thread/INFO]: Mushroom Growth Modifier: 100%
[06:34:00] [Server thread/INFO]: Pumpkin Growth Modifier: 100%
[06:34:00] [Server thread/INFO]: Sapling Growth Modifier: 100%
[06:34:00] [Server thread/INFO]: Wheat Growth Modifier: 100%
[06:34:00] [Server thread/INFO]: NetherWart Growth Modifier: 100%
[06:34:00] [Server thread/INFO]: Entity Activation Range: An 32 / Mo 32 / Mi 16
[06:34:00] [Server thread/INFO]: Entity Tracking Range: Pl 48 / An 48 / Mo 48 / Mi 32 / Other 64
[06:34:00] [Server thread/INFO]: Hopper Transfer: 8 Hopper Check: 8 Hopper Amount: 1
[06:34:00] [Server thread/INFO]: Random Lighting Updates: false
[06:34:00] [Server thread/INFO]: Structure Info Saving: true
[06:34:00] [Server thread/INFO]: Sending up to 10 chunks per packet
[06:34:00] [Server thread/INFO]: Max Entity Collisions: 8
[06:34:00] [Server thread/INFO]: Custom Map Seeds:  Village: 10387312 Feature: 14357617
[06:34:00] [Server thread/INFO]: Max TNT Explosions: 100
[06:34:00] [Server thread/INFO]: Tile Max Tick Time: 50ms Entity max Tick Time: 50ms
[06:34:00] [Server thread/INFO]: Item Despawn Rate: 6000
[06:34:00] [Server thread/INFO]: Item Merge Radius: 2.5
[06:34:00] [Server thread/INFO]: Arrow Despawn Rate: 1200
[06:34:00] [Server thread/INFO]: Allow Zombie Pigmen to spawn from portal blocks: true
[06:34:00] [Server thread/INFO]: View Distance: 4
[06:34:00] [Server thread/INFO]: Zombie Aggressive Towards Villager: true
[06:34:00] [Server thread/INFO]: Chunks to Grow per Tick: 650
[06:34:00] [Server thread/INFO]: Clear tick list: false
[06:34:00] [Server thread/INFO]: Experience Merge Radius: 3.0
[06:34:00] [Server thread/INFO]: -------- World Settings For [world_nether] --------
[06:34:00] [Server thread/INFO]: Player blocking damage multiplier set to 0.5
[06:34:00] [Server thread/INFO]: Remove invalid mob spawner tile entities: true
[06:34:00] [Server thread/INFO]: Squids will spawn between Y: 45.0 and Y: 63.0
[06:34:00] [Server thread/INFO]: Max height for cactus growth 3. Max height for reed growth 3
[06:34:00] [Server thread/INFO]: Living Entity Despawn Ranges:  Soft: 32 Hard: 128
[06:34:00] [Server thread/INFO]: Water over lava flow speed: 5
[06:34:00] [Server thread/INFO]: Fix TNT cannons: false
[06:34:00] [Server thread/INFO]: Allow undead horse types to be leashed: false
[06:34:00] [Server thread/INFO]: Keep spawn chunk loaded: true
[06:34:00] [Server thread/INFO]: World async lighting: false
[06:34:00] [Server thread/INFO]: WorldServer TickNextTick cap set at 10000
[06:34:00] [Server thread/INFO]: WorldServer TickNextTickList cap always processes redstone: false
[06:34:00] [Server thread/INFO]: -------- World Settings For [world_the_end] --------
[06:34:00] [Server thread/INFO]: Mob Spawn Range: 4
[06:34:00] [Server thread/INFO]: Anti X-Ray: true
[06:34:00] [Server thread/INFO]: 	Engine Mode: 1
[06:34:00] [Server thread/INFO]: 	Hidden Blocks: [14, 15, 16, 21, 48, 49, 54, 56, 73, 74, 82, 129, 130]
[06:34:00] [Server thread/INFO]: 	Replace Blocks: [1, 5]
[06:34:00] [Server thread/INFO]: Nerfing mobs spawned from spawners: false
[06:34:00] [Server thread/INFO]: Cactus Growth Modifier: 100%
[06:34:00] [Server thread/INFO]: Cane Growth Modifier: 100%
[06:34:00] [Server thread/INFO]: Melon Growth Modifier: 100%
[06:34:00] [Server thread/INFO]: Mushroom Growth Modifier: 100%
[06:34:00] [Server thread/INFO]: Pumpkin Growth Modifier: 100%
[06:34:00] [Server thread/INFO]: Sapling Growth Modifier: 100%
[06:34:00] [Server thread/INFO]: Wheat Growth Modifier: 100%
[06:34:00] [Server thread/INFO]: NetherWart Growth Modifier: 100%
[06:34:00] [Server thread/INFO]: Entity Activation Range: An 32 / Mo 32 / Mi 16
[06:34:00] [Server thread/INFO]: Entity Tracking Range: Pl 48 / An 48 / Mo 48 / Mi 32 / Other 64
[06:34:00] [Server thread/INFO]: Hopper Transfer: 8 Hopper Check: 8 Hopper Amount: 1
[06:34:00] [Server thread/INFO]: Random Lighting Updates: false
[06:34:00] [Server thread/INFO]: Structure Info Saving: true
[06:34:00] [Server thread/INFO]: Sending up to 10 chunks per packet
[06:34:00] [Server thread/INFO]: Max Entity Collisions: 8
[06:34:00] [Server thread/INFO]: Custom Map Seeds:  Village: 10387312 Feature: 14357617
[06:34:00] [Server thread/INFO]: Max TNT Explosions: 100
[06:34:00] [Server thread/INFO]: Tile Max Tick Time: 50ms Entity max Tick Time: 50ms
[06:34:00] [Server thread/INFO]: Item Despawn Rate: 6000
[06:34:00] [Server thread/INFO]: Item Merge Radius: 2.5
[06:34:00] [Server thread/INFO]: Arrow Despawn Rate: 1200
[06:34:00] [Server thread/INFO]: Allow Zombie Pigmen to spawn from portal blocks: true
[06:34:00] [Server thread/INFO]: View Distance: 4
[06:34:00] [Server thread/INFO]: Zombie Aggressive Towards Villager: true
[06:34:00] [Server thread/INFO]: Chunks to Grow per Tick: 650
[06:34:00] [Server thread/INFO]: Clear tick list: false
[06:34:00] [Server thread/INFO]: Experience Merge Radius: 3.0
[06:34:00] [Server thread/INFO]: -------- World Settings For [world_the_end] --------
[06:34:00] [Server thread/INFO]: Player blocking damage multiplier set to 0.5
[06:34:00] [Server thread/INFO]: Remove invalid mob spawner tile entities: true
[06:34:00] [Server thread/INFO]: Squids will spawn between Y: 45.0 and Y: 63.0
[06:34:00] [Server thread/INFO]: Max height for cactus growth 3. Max height for reed growth 3
[06:34:00] [Server thread/INFO]: Living Entity Despawn Ranges:  Soft: 32 Hard: 128
[06:34:00] [Server thread/INFO]: Water over lava flow speed: 5
[06:34:00] [Server thread/INFO]: Fix TNT cannons: false
[06:34:00] [Server thread/INFO]: Allow undead horse types to be leashed: false
[06:34:00] [Server thread/INFO]: Keep spawn chunk loaded: true
[06:34:00] [Server thread/INFO]: World async lighting: false
[06:34:00] [Server thread/INFO]: WorldServer TickNextTick cap set at 10000
[06:34:00] [Server thread/INFO]: WorldServer TickNextTickList cap always processes redstone: false
[06:34:00] [Server thread/INFO]: Preparing start region for level 0 (Seed: 6041587947977648920)
[06:34:01] [Server thread/INFO]: Preparing spawn area: 62%
[06:34:01] [Server thread/INFO]: Preparing start region for level 1 (Seed: 6041587947977648920)
[06:34:02] [Server thread/INFO]: Preparing spawn area: 37%
[06:34:03] [Server thread/INFO]: Preparing start region for level 2 (Seed: 6041587947977648920)
[06:34:03] [Server thread/INFO]: [SimpleTpa] Enabling SimpleTpa v6.4
[06:34:03] [Server thread/INFO]: [0;33;1m[21m[SimpleTpa] If you need support contact me at https://discord.gg/SZUkza9[m

[06:34:03] [Server thread/INFO]: [0;33;1m[21m[SimpleTpa] Simple Tpa has been enabled on version 6.4[m

[06:34:03] [Server thread/INFO]: Enabled metrics. You may opt-out by changing plugins/bStats/config.yml
[06:34:03] [Server thread/INFO]: [SimpleHomes] Enabling SimpleHomes v2.2
[06:34:03] [Server thread/INFO]: Server permissions file permissions.yml is empty, ignoring it
[06:34:03] [Server thread/INFO]: Done (3.879s)! For help, type "help" or "?"
[06:34:03] [Server thread/INFO]: Timings Reset
[06:34:04] [Craft Scheduler Thread - 0/INFO]: [0;31;1m[21m[SimpleTpa] There is a new update available.[m

[06:34:04] [Craft Scheduler Thread - 0/INFO]: [0;31;1m[SimpleTpa] There is a new update available:[m

[06:34:04] [Craft Scheduler Thread - 0/INFO]: [0;31;1m[SimpleTpa] https://www.spigotmc.org/resources/simple-tpa.64270/[m

[06:58:07] [Thread-7/INFO]: UUID of player Daniel is d050033d-d943-35db-933f-15700cf9924e
[06:58:07] [Server thread/INFO]: Daniel[/[0:0:0:0:0:0:0:1]:41374] logged in with entity id 286 at ([world]110.69414259764628, 69.0, 263.79860389166475)
[06:58:10] [Server thread/INFO]: Daniel lost connection: Disconnected
[06:58:10] [Server thread/INFO]: Daniel left the game.
[07:03:30] [Thread-8/INFO]: UUID of player Daniel is d050033d-d943-35db-933f-15700cf9924e
[07:03:30] [Server thread/INFO]: Daniel[/[0:0:0:0:0:0:0:1]:56744] logged in with entity id 292 at ([world]110.69414259764628, 69.0, 263.79860389166475)
[07:04:24] [Thread-9/INFO]: UUID of player ViggYee802_ is 8a908d39-85a5-3d8c-ac45-7ef03b5b2ffd
[07:04:24] [Server thread/INFO]: ViggYee802_[/[0:0:0:0:0:0:0:1]:33210] logged in with entity id 356 at ([world]115.5, 72.0, 251.5)
[07:04:30] [Server thread/INFO]: Daniel issued server command: /tp Daniel ViggYee802_
[07:04:30] [Server thread/INFO]: [Daniel: Teleported Daniel to ViggYee802_]
[07:04:34] [Server thread/INFO]: ViggYee802_ lost connection: Disconnected
[07:04:34] [Server thread/INFO]: ViggYee802_ left the game.
[07:06:42] [Server thread/INFO]: Daniel issued server command: /time set day
[07:06:42] [Server thread/INFO]: [Daniel: Set the time to 1000]
[07:21:40] [Server thread/INFO]: Daniel issued server command: /gamemode cr
[07:21:40] [Server thread/INFO]: [Daniel: 'cr' is not a valid number]
[07:21:43] [Server thread/INFO]: Daniel issued server command: /gamemode creative
[07:21:43] [Server thread/INFO]: [Daniel: Set own game mode to Creative Mode]
[07:21:47] [Server thread/INFO]: Daniel issued server command: /time set day
[07:21:47] [Server thread/INFO]: [Daniel: Set the time to 1000]
[07:45:19] [Server thread/INFO]: Daniel issued server command: /gamemode survival
[07:45:19] [Server thread/INFO]: [Daniel: Set own game mode to Survival Mode]
[07:45:30] [Thread-12/INFO]: UUID of player ivan is 43a6d99b-1e40-3fba-a2af-a8477aadbfd6
[07:45:30] [Server thread/INFO]: ivan[/[0:0:0:0:0:0:0:1]:33900] logged in with entity id 2140 at ([world]103.5, 68.0, 264.5)
[07:45:36] [Server thread/INFO]: Daniel issued server command: /tp Daniel ivan
[07:45:36] [Server thread/INFO]: [Daniel: Teleported Daniel to ivan]
[07:45:55] [Server thread/INFO]: ivan was slain by Daniel
[07:46:11] [Server thread/INFO]: Daniel issued server command: /tp Daniel ivan
[07:46:11] [Server thread/INFO]: [Daniel: Teleported Daniel to ivan]
[07:47:30] [Server thread/INFO]: Daniel was blown up by Creeper
[07:47:35] [Server thread/INFO]: Daniel issued server command: /back
[07:47:48] [Async Chat Thread - #0/INFO]: <Daniel> errrrrr what the sigma[m

[07:48:35] [Server thread/INFO]: Unknown command. Type "/help" for help.[m

[07:48:39] [Server thread/INFO]: [Server] what the sigma
[07:48:46] [Server thread/INFO]: Daniel issued server command: /summon
[07:49:02] [Server thread/INFO]: Daniel issued server command: /summon Creeper 123 69 236 1
[07:49:02] [Server thread/INFO]: [Daniel: Data tag parsing failed: Invalid tag encountered, expected '{' as first char.]
[07:49:05] [Server thread/INFO]: Daniel issued server command: /summon Creeper 123 69 236
[07:49:05] [Server thread/INFO]: [Daniel: Object successfully summoned]
[07:49:09] [Server thread/INFO]: Daniel issued server command: /summon Creeper 123 69 236
[07:49:09] [Server thread/INFO]: [Daniel: Object successfully summoned]
[07:49:10] [Server thread/INFO]: Daniel issued server command: /summon Creeper 123 69 236
[07:49:10] [Server thread/INFO]: [Daniel: Object successfully summoned]
[07:49:10] [Server thread/INFO]: Daniel issued server command: /summon Creeper 123 69 236
[07:49:10] [Server thread/INFO]: [Daniel: Object successfully summoned]
[07:49:10] [Server thread/INFO]: Daniel issued server command: /summon Creeper 123 69 236
[07:49:10] [Server thread/INFO]: [Daniel: Object successfully summoned]
[07:49:11] [Server thread/INFO]: Daniel issued server command: /summon Creeper 123 69 236
[07:49:11] [Server thread/INFO]: [Daniel: Object successfully summoned]
[07:49:11] [Server thread/INFO]: Daniel issued server command: /summon Creeper 123 69 236
[07:49:11] [Server thread/INFO]: [Daniel: Object successfully summoned]
[07:49:12] [Server thread/INFO]: Daniel issued server command: /summon Creeper 123 69 236t
[07:49:12] [Server thread/INFO]: [Daniel: '236t' is not a valid number]
[07:49:12] [Server thread/INFO]: Daniel issued server command: /summon Creeper 123 69 236t
[07:49:12] [Server thread/INFO]: [Daniel: '236t' is not a valid number]
[07:49:13] [Server thread/INFO]: Daniel issued server command: /summon Creeper 123 69 236t
[07:49:13] [Server thread/INFO]: [Daniel: '236t' is not a valid number]
[07:49:13] [Server thread/INFO]: Daniel issued server command: /summon Creeper 123 69 236t
[07:49:13] [Server thread/INFO]: [Daniel: '236t' is not a valid number]
[07:49:13] [Server thread/INFO]: Daniel issued server command: /summon Creeper 123 69 236t
[07:49:13] [Server thread/INFO]: [Daniel: '236t' is not a valid number]
[07:49:14] [Server thread/INFO]: Daniel issued server command: /summon Creeper 123 69 236t
[07:49:14] [Server thread/INFO]: [Daniel: '236t' is not a valid number]
[07:49:15] [Server thread/INFO]: Daniel issued server command: /summon Creeper 123 69 236t
[07:49:15] [Server thread/INFO]: [Daniel: '236t' is not a valid number]
[07:49:15] [Server thread/INFO]: Daniel issued server command: /summon Creeper 123 69 236t
[07:49:15] [Server thread/INFO]: [Daniel: '236t' is not a valid number]
[07:49:16] [Server thread/INFO]: Daniel issued server command: /summon Creeper 123 69 236t
[07:49:16] [Server thread/INFO]: [Daniel: '236t' is not a valid number]
[07:49:16] [Server thread/INFO]: Daniel issued server command: /summon Creeper 123 69 236tt
[07:49:16] [Server thread/INFO]: [Daniel: '236tt' is not a valid number]
[07:49:16] [Server thread/INFO]: Daniel issued server command: /summon Creeper 123 69 236tt
[07:49:16] [Server thread/INFO]: [Daniel: '236tt' is not a valid number]
[07:49:17] [Server thread/INFO]: Daniel issued server command: /summon Creeper 123 69 236tt
[07:49:17] [Server thread/INFO]: [Daniel: '236tt' is not a valid number]
[07:49:25] [Server thread/INFO]: Daniel issued server command: /summon Creeper 123 69 236
[07:49:25] [Server thread/INFO]: [Daniel: Object successfully summoned]
[07:49:25] [Server thread/INFO]: Daniel issued server command: /summon Creeper 123 69 236
[07:49:25] [Server thread/INFO]: [Daniel: Object successfully summoned]
[07:49:26] [Server thread/INFO]: Daniel issued server command: /summon Creeper 123 69 236
[07:49:26] [Server thread/INFO]: [Daniel: Object successfully summoned]
[07:49:26] [Server thread/INFO]: Daniel issued server command: /summon Creeper 123 69 236
[07:49:26] [Server thread/INFO]: [Daniel: Object successfully summoned]
[07:49:26] [Server thread/INFO]: Daniel issued server command: /summon Creeper 123 69 236
[07:49:26] [Server thread/INFO]: [Daniel: Object successfully summoned]
[07:49:27] [Server thread/INFO]: Daniel issued server command: /summon Creeper 123 69 236
[07:49:27] [Server thread/INFO]: [Daniel: Object successfully summoned]
[07:49:27] [Server thread/INFO]: ivan was blown up by Creeper
[07:49:27] [Server thread/INFO]: Daniel issued server command: /summon Creeper 123 69 236
[07:49:27] [Server thread/INFO]: [Daniel: Object successfully summoned]
[07:49:28] [Server thread/INFO]: Daniel issued server command: /summon Creeper 123 69 236
[07:49:28] [Server thread/INFO]: [Daniel: Object successfully summoned]
[07:49:28] [Server thread/INFO]: Daniel issued server command: /summon Creeper 123 69 236
[07:49:28] [Server thread/INFO]: [Daniel: Object successfully summoned]
[07:49:28] [Server thread/INFO]: Daniel issued server command: /summon Creeper 123 69 236
[07:49:28] [Server thread/INFO]: [Daniel: Object successfully summoned]
[07:49:29] [Server thread/INFO]: Daniel issued server command: /summon Creeper 123 69 236
[07:49:29] [Server thread/INFO]: [Daniel: Object successfully summoned]
[07:50:30] [Server thread/INFO]: Daniel issued server command: /tp Daniel ivan
[07:50:30] [Server thread/INFO]: [Daniel: Teleported Daniel to ivan]
[07:51:31] [Server thread/INFO]: Daniel has just earned the achievement [Getting Wood]
[07:51:45] [Server thread/INFO]: Daniel issued server command: /effect ivan minecraft:nausea
[07:51:45] [Server thread/INFO]: [Daniel: Given Nausea (ID 9) * 0 to ivan for 30 seconds]
[07:51:46] [Server thread/INFO]: Daniel issued server command: /effect ivan minecraft:nausea 1
[07:51:46] [Server thread/INFO]: [Daniel: Given Nausea (ID 9) * 0 to ivan for 1 seconds]
[07:52:46] [Server thread/INFO]: Daniel lost connection: Disconnected
[07:52:46] [Server thread/INFO]: Daniel left the game.
[07:52:49] [Server thread/INFO]: Stopping the server
[07:52:49] [Server thread/INFO]: Stopping server
[07:52:49] [Server thread/INFO]: [SimpleHomes] Disabling SimpleHomes v2.2
[07:52:49] [Server thread/INFO]: [SimpleTpa] Disabling SimpleTpa v6.4
[07:52:49] [Server thread/INFO]: [0;36;1m[21m[SimpleTpa] If you need support contact me at https://discord.gg/SZUkza9[m

[07:52:49] [Server thread/INFO]: [0;36;1m[21m[SimpleTpa] Simple Tpa has been disabled on version 6.4[m

[07:52:49] [Server thread/INFO]: Saving players
[07:52:49] [Server thread/INFO]: ivan lost connection: Server closed
[07:52:49] [Server thread/INFO]: ivan left the game.
[07:52:49] [Server thread/INFO]: Saving worlds
[07:52:49] [Server thread/INFO]: Saving chunks for level 'world'/Overworld
[07:52:49] [Server thread/INFO]: Saving chunks for level 'world_nether'/Nether
[07:52:49] [Server thread/INFO]: Saving chunks for level 'world_the_end'/The End
