[06:19:27] [main/INFO]: Using mbed TLS based native cipher.
[06:19:27] [main/INFO]: Using zlib based native compressor.
[06:19:27] [main/INFO]: Enabled Waterfall version git:Waterfall-Bootstrap:1.19-R0.1-SNAPSHOT:f6069e2:513
[06:19:27] [main/INFO]: Not on Windows, attempting to use enhanced EpollEventLoop
[06:19:27] [main/INFO]: Epoll is working, utilising it!
[06:19:27] [main/INFO]: Discovered module: ModuleSpec(name=cmd_alert, file=modules/cmd_alert.jar, provider=JenkinsModuleSource())
[06:19:27] [main/INFO]: Discovered module: ModuleSpec(name=cmd_find, file=modules/cmd_find.jar, provider=JenkinsModuleSource())
[06:19:27] [main/INFO]: Discovered module: ModuleSpec(name=cmd_list, file=modules/cmd_list.jar, provider=JenkinsModuleSource())
[06:19:27] [main/INFO]: Discovered module: ModuleSpec(name=cmd_send, file=modules/cmd_send.jar, provider=JenkinsModuleSource())
[06:19:27] [main/INFO]: Discovered module: ModuleSpec(name=cmd_server, file=modules/cmd_server.jar, provider=JenkinsModuleSource())
[06:19:27] [main/INFO]: Discovered module: ModuleSpec(name=reconnect_yaml, file=modules/reconnect_yaml.jar, provider=JenkinsModuleSource())
[06:19:27] [main/INFO]: Attempting to update plugin from null to ModuleVersion(build=513, git=f6069e2)
[06:19:27] [main/INFO]: Attempting to Jenkins download module cmd_alert v513
[06:19:28] [main/INFO]: Download complete
[06:19:28] [main/INFO]: Attempting to update plugin from null to ModuleVersion(build=513, git=f6069e2)
[06:19:28] [main/INFO]: Attempting to Jenkins download module cmd_find v513
[06:19:28] [main/INFO]: Download complete
[06:19:28] [main/INFO]: Attempting to update plugin from null to ModuleVersion(build=513, git=f6069e2)
[06:19:28] [main/INFO]: Attempting to Jenkins download module cmd_list v513
[06:19:28] [main/INFO]: Download complete
[06:19:28] [main/INFO]: Attempting to update plugin from null to ModuleVersion(build=513, git=f6069e2)
[06:19:28] [main/INFO]: Attempting to Jenkins download module cmd_send v513
[06:19:28] [main/INFO]: Download complete
[06:19:28] [main/INFO]: Attempting to update plugin from null to ModuleVersion(build=513, git=f6069e2)
[06:19:28] [main/INFO]: Attempting to Jenkins download module cmd_server v513
[06:19:28] [main/INFO]: Download complete
[06:19:28] [main/INFO]: Attempting to update plugin from null to ModuleVersion(build=513, git=f6069e2)
[06:19:28] [main/INFO]: Attempting to Jenkins download module reconnect_yaml v513
[06:19:28] [main/INFO]: Download complete
[06:19:28] [main/INFO]: Loaded plugin reconnect_yaml version git:reconnect_yaml:1.19-R0.1-SNAPSHOT:f6069e2:513 by WaterfallMC
[06:19:28] [main/INFO]: Loaded plugin cmd_find version git:cmd_find:1.19-R0.1-SNAPSHOT:f6069e2:513 by WaterfallMC
[06:19:28] [main/INFO]: Loaded plugin cmd_server version git:cmd_server:1.19-R0.1-SNAPSHOT:f6069e2:513 by WaterfallMC
[06:19:28] [main/INFO]: Loaded plugin cmd_alert version git:cmd_alert:1.19-R0.1-SNAPSHOT:f6069e2:513 by WaterfallMC
[06:19:28] [main/INFO]: Loaded plugin cmd_send version git:cmd_send:1.19-R0.1-SNAPSHOT:f6069e2:513 by WaterfallMC
[06:19:28] [main/INFO]: Loaded plugin cmd_list version git:cmd_list:1.19-R0.1-SNAPSHOT:f6069e2:513 by WaterfallMC
[06:19:28] [main/WARN]: :>:>:>:>:>:>:>:>:>:>:>:>:>:>:>:>:>:>:>:>:>:>:>
[06:19:28] [main/WARN]: :>  
[06:19:28] [main/WARN]: :>      EAGLERCRAFTXBUNGEE WARNING:
[06:19:28] [main/WARN]: :>  
[06:19:28] [main/WARN]: :>  This plugin wasn't tested to be 'working'
[06:19:28] [main/WARN]: :>  with ANY version of BungeeCord (and forks)
[06:19:28] [main/WARN]: :>  apart from the versions listed below:
[06:19:28] [main/WARN]: :>  
[06:19:28] [main/WARN]: :>  - BungeeCord: 1.20-R0.3-SNAPSHOT:eda268b:1797
[06:19:28] [main/WARN]: :>  - Waterfall: 1.20-R0.2-SNAPSHOT:92b5149:562
[06:19:28] [main/WARN]: :>  - FlameCord: 1.1.1
[06:19:28] [main/WARN]: :>  
[06:19:28] [main/WARN]: :>  This is not a Bukkit/Spigot plugin!
[06:19:28] [main/WARN]: :>  
[06:19:28] [main/WARN]: :>  Use "-Deaglerxbungee.stfu=true" to hide
[06:19:28] [main/WARN]: :>  
[06:19:28] [main/WARN]: :>:>:>:>:>:>:>:>:>:>:>:>:>:>:>:>:>:>:>:>:>:>:>
[06:19:28] [main/INFO] [EaglercraftXBungee]: Loading vanilla profile: lax1dude
[06:19:30] [Skin Download Thread #1/INFO] [EaglercraftXBungee]: Loaded vanilla profile: lax1dude
[06:19:30] [main/INFO]: Loaded plugin EaglercraftXBungee version 1.0.10 by lax1dude
[06:19:30] [main/WARN]: Forced host server pvp is not defined
[06:19:30] [main/INFO]: Enabled plugin reconnect_yaml version git:reconnect_yaml:1.19-R0.1-SNAPSHOT:f6069e2:513 by WaterfallMC
[06:19:30] [main/INFO]: Enabled plugin cmd_find version git:cmd_find:1.19-R0.1-SNAPSHOT:f6069e2:513 by WaterfallMC
[06:19:30] [main/INFO]: Enabled plugin cmd_server version git:cmd_server:1.19-R0.1-SNAPSHOT:f6069e2:513 by WaterfallMC
[06:19:30] [main/INFO]: Enabled plugin cmd_alert version git:cmd_alert:1.19-R0.1-SNAPSHOT:f6069e2:513 by WaterfallMC
[06:19:30] [main/INFO]: Enabled plugin cmd_send version git:cmd_send:1.19-R0.1-SNAPSHOT:f6069e2:513 by WaterfallMC
[06:19:30] [main/INFO]: Enabled plugin cmd_list version git:cmd_list:1.19-R0.1-SNAPSHOT:f6069e2:513 by WaterfallMC
[06:19:30] [main/ERROR] [EaglercraftXBungee]: Online mode is set to false! Authentication system has been disabled
[06:19:30] [Netty Worker IO Thread #0/INFO] [EaglercraftXBungee]: Eaglercraft is listening on: /0.0.0.0:8081
[06:19:30] [main/INFO] [EaglercraftXBungee]: Downloading from maven: https://repo1.maven.org/maven2/org/xerial/sqlite-jdbc/3.45.0.0/sqlite-jdbc-3.45.0.0.jar
[06:19:30] [EaglerXBungee: Network Tick Tasks/INFO] [EaglercraftXBungee]: Downloading new certificate: https://eaglercraft.com/backup.cert
[06:19:30] [EaglerXBungee: Network Tick Tasks/INFO] [EaglercraftXBungee]: Loaded certificate: /workspaces/server-test/bungee/plugins/EaglercraftXBungee/eagcert/$dl.6a314f63448f669bee13950455200751edda2564.cert
[06:19:31] [main/INFO] [EaglercraftXBungee]: Connected to database: jdbc:sqlite:eaglercraft_skins_cache.db
[06:19:31] [main/INFO]: Enabled plugin EaglercraftXBungee version 1.0.10 by lax1dude
[06:19:31] [Netty Boss IO Thread #0/INFO]: Listening on /127.0.0.1:25577
[06:20:30] [Netty Worker IO Thread #3/WARN] [EaglercraftXBungee]: Server icon is not a file: /workspaces/server-test/bungee/server-icon.png
[06:25:29] [Netty Worker IO Thread #2/INFO] [EaglercraftXBungee]: [/[0:0:0:0:0:0:0:1%0]:46210]: Connected via websocket
[06:25:29] [Netty Worker IO Thread #2/INFO] [EaglercraftXBungee]: [/[0:0:0:0:0:0:0:1%0]:46210]: Origin header is http://localhost:8081
[06:25:30] [Netty Worker IO Thread #2/INFO] [EaglercraftXBungee]: [/[0:0:0:0:0:0:0:1%0]:46210]: Logged in as 'Daniel'
[06:25:30] [Netty Worker IO Thread #2/INFO]: [/[0:0:0:0:0:0:0:1%0]:46210|Daniel] -> UpstreamBridge has connected
[06:25:30] [Netty Worker IO Thread #2/INFO]: [Daniel|/[0:0:0:0:0:0:0:1%0]:46210] <-> ServerConnector [lobby] has connected
[06:33:54] [Netty Worker IO Thread #2/INFO]: [Daniel] disconnected with: Server closed
[06:33:54] [Netty Worker IO Thread #2/INFO]: [/[0:0:0:0:0:0:0:1%0]:46210|Daniel] -> UpstreamBridge has disconnected
[06:33:54] [Netty Worker IO Thread #2/INFO]: [/[0:0:0:0:0:0:0:1%0]:46210|Daniel] <-> DownstreamBridge <-> [lobby] has disconnected
[06:58:07] [Netty Worker IO Thread #0/INFO] [EaglercraftXBungee]: [/[0:0:0:0:0:0:0:1%0]:39600]: Connected via websocket
[06:58:07] [Netty Worker IO Thread #0/INFO] [EaglercraftXBungee]: [/[0:0:0:0:0:0:0:1%0]:39600]: Origin header is http://localhost:8081
[06:58:07] [Netty Worker IO Thread #0/INFO] [EaglercraftXBungee]: [/[0:0:0:0:0:0:0:1%0]:39600]: Logged in as 'Daniel'
[06:58:07] [Netty Worker IO Thread #0/INFO]: [/[0:0:0:0:0:0:0:1%0]:39600|Daniel] -> UpstreamBridge has connected
[06:58:07] [Netty Worker IO Thread #0/INFO]: [Daniel|/[0:0:0:0:0:0:0:1%0]:39600] <-> ServerConnector [lobby] has connected
[06:58:10] [Netty Worker IO Thread #0/INFO]: [/[0:0:0:0:0:0:0:1%0]:39600|Daniel] -> UpstreamBridge has disconnected
[06:58:10] [Netty Worker IO Thread #0/INFO]: [Daniel] disconnected with: Proxy lost connection to server.
[06:58:10] [Netty Worker IO Thread #0/INFO]: [/[0:0:0:0:0:0:0:1%0]:39600|Daniel] <-> DownstreamBridge <-> [lobby] has disconnected
[07:03:29] [Netty Worker IO Thread #2/INFO] [EaglercraftXBungee]: [/[0:0:0:0:0:0:0:1%0]:42944]: Connected via websocket
[07:03:29] [Netty Worker IO Thread #2/INFO] [EaglercraftXBungee]: [/[0:0:0:0:0:0:0:1%0]:42944]: Origin header is http://localhost:8081
[07:03:30] [Netty Worker IO Thread #2/INFO] [EaglercraftXBungee]: [/[0:0:0:0:0:0:0:1%0]:42944]: Logged in as 'Daniel'
[07:03:30] [Netty Worker IO Thread #2/INFO]: [/[0:0:0:0:0:0:0:1%0]:42944|Daniel] -> UpstreamBridge has connected
[07:03:30] [Netty Worker IO Thread #2/INFO]: [Daniel|/[0:0:0:0:0:0:0:1%0]:42944] <-> ServerConnector [lobby] has connected
[07:04:24] [Netty Worker IO Thread #0/INFO] [EaglercraftXBungee]: [/[0:0:0:0:0:0:0:1%0]:49626]: Connected via websocket
[07:04:24] [Netty Worker IO Thread #0/INFO] [EaglercraftXBungee]: [/[0:0:0:0:0:0:0:1%0]:49626]: Origin header is http://localhost:8081
[07:04:24] [Netty Worker IO Thread #0/INFO] [EaglercraftXBungee]: [/[0:0:0:0:0:0:0:1%0]:49626]: Logged in as 'ViggYee802_'
[07:04:24] [Netty Worker IO Thread #0/INFO]: [/[0:0:0:0:0:0:0:1%0]:49626|ViggYee802_] -> UpstreamBridge has connected
[07:04:24] [Netty Worker IO Thread #0/INFO]: [ViggYee802_|/[0:0:0:0:0:0:0:1%0]:49626] <-> ServerConnector [lobby] has connected
[07:04:34] [Netty Worker IO Thread #0/INFO]: [/[0:0:0:0:0:0:0:1%0]:49626|ViggYee802_] -> UpstreamBridge has disconnected
[07:04:34] [Netty Worker IO Thread #0/INFO]: [ViggYee802_] disconnected with: Proxy lost connection to server.
[07:04:34] [Netty Worker IO Thread #0/INFO]: [/[0:0:0:0:0:0:0:1%0]:49626|ViggYee802_] <-> DownstreamBridge <-> [lobby] has disconnected
[07:45:30] [Netty Worker IO Thread #2/INFO] [EaglercraftXBungee]: [/[0:0:0:0:0:0:0:1%0]:45776]: Connected via websocket
[07:45:30] [Netty Worker IO Thread #2/INFO] [EaglercraftXBungee]: [/[0:0:0:0:0:0:0:1%0]:45776]: Origin header is http://localhost:8081
[07:45:30] [Netty Worker IO Thread #2/INFO] [EaglercraftXBungee]: [/[0:0:0:0:0:0:0:1%0]:45776]: Logged in as 'ivan'
[07:45:30] [Netty Worker IO Thread #2/INFO]: [/[0:0:0:0:0:0:0:1%0]:45776|ivan] -> UpstreamBridge has connected
[07:45:30] [Netty Worker IO Thread #2/INFO]: [ivan|/[0:0:0:0:0:0:0:1%0]:45776] <-> ServerConnector [lobby] has connected
[07:52:46] [Netty Worker IO Thread #2/INFO]: [/[0:0:0:0:0:0:0:1%0]:42944|Daniel] -> UpstreamBridge has disconnected
[07:52:46] [Netty Worker IO Thread #2/INFO]: [Daniel] disconnected with: Proxy lost connection to server.
[07:52:46] [Netty Worker IO Thread #2/INFO]: [/[0:0:0:0:0:0:0:1%0]:42944|Daniel] <-> DownstreamBridge <-> [lobby] has disconnected
[07:52:49] [Netty Worker IO Thread #2/INFO]: [ivan] disconnected with: Server closed
[07:52:49] [Netty Worker IO Thread #2/INFO]: [/[0:0:0:0:0:0:0:1%0]:45776|ivan] -> UpstreamBridge has disconnected
[07:52:49] [Netty Worker IO Thread #2/INFO]: [/[0:0:0:0:0:0:0:1%0]:45776|ivan] <-> DownstreamBridge <-> [lobby] has disconnected
[07:52:51] [main/INFO]: Command not found
[07:52:56] [main/ERROR]: Exception in thread "main" java.io.IOError: java.io.IOException: Input/output error
[07:52:56] [main/ERROR]: 	at org.jline.keymap.BindingReader.readCharacter(BindingReader.java:170)
[07:52:56] [main/ERROR]: 	at org.jline.keymap.BindingReader.readBinding(BindingReader.java:110)
[07:52:56] [main/ERROR]: 	at org.jline.keymap.BindingReader.readBinding(BindingReader.java:61)
[07:52:56] [main/ERROR]: 	at org.jline.reader.impl.LineReaderImpl.doReadBinding(LineReaderImpl.java:923)
[07:52:56] [main/ERROR]: 	at org.jline.reader.impl.LineReaderImpl.readBinding(LineReaderImpl.java:956)
[07:52:56] [main/ERROR]: 	at org.jline.reader.impl.LineReaderImpl.readLine(LineReaderImpl.java:651)
[07:52:56] [main/ERROR]: 	at org.jline.reader.impl.LineReaderImpl.readLine(LineReaderImpl.java:468)
[07:52:56] [main/ERROR]: 	at net.minecrell.terminalconsole.SimpleTerminalConsole.readCommands(SimpleTerminalConsole.java:158)
[07:52:56] [main/ERROR]: 	at net.minecrell.terminalconsole.SimpleTerminalConsole.start(SimpleTerminalConsole.java:141)
[07:52:56] [main/ERROR]: 	at net.md_5.bungee.BungeeCordLauncher.main(BungeeCordLauncher.java:72)
[07:52:56] [main/ERROR]: 	at net.md_5.bungee.Bootstrap.main(Bootstrap.java:15)
[07:52:56] [main/ERROR]: Caused by: java.io.IOException: Input/output error
[07:52:56] [main/ERROR]: 	at java.base/java.io.FileInputStream.read0(Native Method)
[07:52:56] [main/ERROR]: 	at java.base/java.io.FileInputStream.read(FileInputStream.java:231)
[07:52:56] [main/ERROR]: 	at org.jline.terminal.impl.AbstractPty$PtyInputStream.read(AbstractPty.java:73)
[07:52:56] [main/ERROR]: 	at org.jline.utils.NonBlockingInputStream.read(NonBlockingInputStream.java:62)
[07:52:56] [main/ERROR]: 	at org.jline.utils.NonBlocking$NonBlockingInputStreamReader.read(NonBlocking.java:168)
[07:52:56] [main/ERROR]: 	at org.jline.utils.NonBlockingReader.read(NonBlockingReader.java:57)
[07:52:56] [main/ERROR]: 	at org.jline.keymap.BindingReader.readCharacter(BindingReader.java:160)
[07:52:56] [main/ERROR]: 	... 10 more
